f:\appdata\vs2017\cproject\remotectrl\remoteclient\debug\remoteclient.pch
f:\appdata\vs2017\cproject\remotectrl\remoteclient\debug\vc141.pdb
f:\appdata\vs2017\cproject\remotectrl\remoteclient\debug\vc141.idb
f:\appdata\vs2017\cproject\remotectrl\remoteclient\debug\pch.obj
f:\appdata\vs2017\cproject\remotectrl\remoteclient\debug\watchdialog.obj
f:\appdata\vs2017\cproject\remotectrl\remoteclient\debug\statusdlg.obj
f:\appdata\vs2017\cproject\remotectrl\remoteclient\debug\remoteclientdlg.obj
f:\appdata\vs2017\cproject\remotectrl\remoteclient\debug\remoteclient.obj
f:\appdata\vs2017\cproject\remotectrl\remoteclient\debug\edoyuntool.obj
f:\appdata\vs2017\cproject\remotectrl\remoteclient\debug\clientsocket.obj
f:\appdata\vs2017\cproject\remotectrl\remoteclient\debug\clientcontroller.obj
f:\appdata\vs2017\cproject\remotectrl\debug\remoteclient.ilk
f:\appdata\vs2017\cproject\remotectrl\debug\remoteclient.exe
f:\appdata\vs2017\cproject\remotectrl\debug\remoteclient.pdb
f:\appdata\vs2017\cproject\remotectrl\remoteclient\debug\remoteclient.res
f:\appdata\vs2017\cproject\remotectrl\remoteclient\debug\remoteclient.tlog\cl.command.1.tlog
f:\appdata\vs2017\cproject\remotectrl\remoteclient\debug\remoteclient.tlog\cl.read.1.tlog
f:\appdata\vs2017\cproject\remotectrl\remoteclient\debug\remoteclient.tlog\cl.write.1.tlog
f:\appdata\vs2017\cproject\remotectrl\remoteclient\debug\remoteclient.tlog\link.command.1.tlog
f:\appdata\vs2017\cproject\remotectrl\remoteclient\debug\remoteclient.tlog\link.read.1.tlog
f:\appdata\vs2017\cproject\remotectrl\remoteclient\debug\remoteclient.tlog\link.write.1.tlog
f:\appdata\vs2017\cproject\remotectrl\remoteclient\debug\remoteclient.tlog\rc.command.1.tlog
f:\appdata\vs2017\cproject\remotectrl\remoteclient\debug\remoteclient.tlog\rc.read.1.tlog
f:\appdata\vs2017\cproject\remotectrl\remoteclient\debug\remoteclient.tlog\rc.write.1.tlog
