f:\appdata\vs2017\cproject\remotectrl\remotectrl\debug\remotectrl.pch
f:\appdata\vs2017\cproject\remotectrl\remotectrl\debug\vc141.pdb
f:\appdata\vs2017\cproject\remotectrl\remotectrl\debug\vc141.idb
f:\appdata\vs2017\cproject\remotectrl\remotectrl\debug\pch.obj
f:\appdata\vs2017\cproject\remotectrl\remotectrl\debug\serversocket.obj
f:\appdata\vs2017\cproject\remotectrl\remotectrl\debug\remotectrl.obj
f:\appdata\vs2017\cproject\remotectrl\remotectrl\debug\lockdialog.obj
f:\appdata\vs2017\cproject\remotectrl\remotectrl\debug\edoyuntool.obj
f:\appdata\vs2017\cproject\remotectrl\remotectrl\debug\edoyunthread.obj
f:\appdata\vs2017\cproject\remotectrl\remotectrl\debug\edoyunserver.obj
f:\appdata\vs2017\cproject\remotectrl\remotectrl\debug\command.obj
f:\appdata\vs2017\cproject\remotectrl\debug\remotectrl.ilk
f:\appdata\vs2017\cproject\remotectrl\debug\remotectrl.exe
f:\appdata\vs2017\cproject\remotectrl\debug\remotectrl.pdb
f:\appdata\vs2017\cproject\remotectrl\remotectrl\debug\remotectrl.res
f:\appdata\vs2017\cproject\remotectrl\remotectrl\debug\remotectrl.tlog\cl.command.1.tlog
f:\appdata\vs2017\cproject\remotectrl\remotectrl\debug\remotectrl.tlog\cl.read.1.tlog
f:\appdata\vs2017\cproject\remotectrl\remotectrl\debug\remotectrl.tlog\cl.write.1.tlog
f:\appdata\vs2017\cproject\remotectrl\remotectrl\debug\remotectrl.tlog\link.command.1.tlog
f:\appdata\vs2017\cproject\remotectrl\remotectrl\debug\remotectrl.tlog\link.read.1.tlog
f:\appdata\vs2017\cproject\remotectrl\remotectrl\debug\remotectrl.tlog\link.write.1.tlog
f:\appdata\vs2017\cproject\remotectrl\remotectrl\debug\remotectrl.tlog\rc.command.1.tlog
f:\appdata\vs2017\cproject\remotectrl\remotectrl\debug\remotectrl.tlog\rc.read.1.tlog
f:\appdata\vs2017\cproject\remotectrl\remotectrl\debug\remotectrl.tlog\rc.write.1.tlog
